<?xml version="1.0" encoding="UTF-8"?>
<testng-results ignored="0" total="1" passed="1" failed="0" skipped="0">
  <reporter-output>
  </reporter-output>
  <suite started-at="2024-01-10T21:17:51 MST" name="Surefire suite" finished-at="2024-01-10T21:18:03 MST" duration-ms="11613">
    <groups>
    </groups>
    <test started-at="2024-01-10T21:17:51 MST" name="Surefire test" finished-at="2024-01-10T21:18:03 MST" duration-ms="11613">
      <class name="com.testscripts1.Testcase2">
        <test-method is-config="true" signature="launchApplication()[pri:0, instance:com.testscripts1.Testcase2@647fd8ce]" started-at="2024-01-10T21:17:51 MST" name="launchApplication" finished-at="2024-01-10T21:18:03 MST" duration-ms="11494" status="PASS">
          <reporter-output>
          </reporter-output>
        </test-method> <!-- launchApplication -->
        <test-method signature="testcase()[pri:0, instance:com.testscripts1.Testcase2@647fd8ce]" started-at="2024-01-10T21:18:03 MST" name="testcase" finished-at="2024-01-10T21:18:03 MST" duration-ms="2" status="PASS">
          <reporter-output>
          </reporter-output>
        </test-method> <!-- testcase -->
        <test-method is-config="true" signature="closeBrowser()[pri:0, instance:com.testscripts1.Testcase2@647fd8ce]" started-at="2024-01-10T21:18:03 MST" name="closeBrowser" finished-at="2024-01-10T21:18:03 MST" duration-ms="85" status="PASS">
          <reporter-output>
          </reporter-output>
        </test-method> <!-- closeBrowser -->
      </class> <!-- com.testscripts1.Testcase2 -->
    </test> <!-- Surefire test -->
  </suite> <!-- Surefire suite -->
</testng-results>
