<?xml version="1.0" encoding="UTF-8"?>
<testng-results ignored="0" total="2" passed="2" failed="0" skipped="0">
  <reporter-output>
  </reporter-output>
  <suite started-at="2024-01-12T17:35:53 MST" name="Default suite" finished-at="2024-01-12T17:35:53 MST" duration-ms="46">
    <groups>
    </groups>
    <test started-at="2024-01-12T17:35:53 MST" name="Default test" finished-at="2024-01-12T17:35:53 MST" duration-ms="46">
      <class name="basehelper1.Array">
        <test-method signature="arrlist()[pri:0, instance:basehelper1.Array@1d9b7cce]" started-at="2024-01-12T17:35:53 MST" name="arrlist" finished-at="2024-01-12T17:35:53 MST" duration-ms="10" status="PASS">
          <reporter-output>
          </reporter-output>
        </test-method> <!-- arrlist -->
        <test-method signature="hashMapEx()[pri:0, instance:basehelper1.Array@1d9b7cce]" started-at="2024-01-12T17:35:53 MST" name="hashMapEx" finished-at="2024-01-12T17:35:53 MST" duration-ms="2" status="PASS">
          <reporter-output>
          </reporter-output>
        </test-method> <!-- hashMapEx -->
      </class> <!-- basehelper1.Array -->
    </test> <!-- Default test -->
  </suite> <!-- Default suite -->
</testng-results>
