<?xml version="1.0" encoding="UTF-8"?>
<testng-results ignored="0" total="1" passed="1" failed="0" skipped="0">
  <reporter-output>
  </reporter-output>
  <suite started-at="2024-01-19T17:16:18 MST" name="Default suite" finished-at="2024-01-19T17:16:18 MST" duration-ms="26">
    <groups>
    </groups>
    <test started-at="2024-01-19T17:16:18 MST" name="Default test" finished-at="2024-01-19T17:16:18 MST" duration-ms="26">
      <class name="com.practicetests.ArrayPractice">
        <test-method signature="hashmapIteration()[pri:0, instance:com.practicetests.ArrayPractice@6c80d78a]" started-at="2024-01-19T17:16:18 MST" name="hashmapIteration" finished-at="2024-01-19T17:16:18 MST" duration-ms="7" status="PASS">
          <reporter-output>
          </reporter-output>
        </test-method> <!-- hashmapIteration -->
      </class> <!-- com.practicetests.ArrayPractice -->
    </test> <!-- Default test -->
  </suite> <!-- Default suite -->
</testng-results>
